

Started GET "/posts/new" for 127.0.0.1 at 2014-05-12 21:31:09 -0700

Gem::LoadError (Specified 'sqlite3' for database adapter, but the gem is not loaded. Add `gem 'sqlite3'` to your Gemfile.):
  activerecord (4.0.5) lib/active_record/connection_adapters/connection_specification.rb:58:in `rescue in resolve_hash_connection'
  activerecord (4.0.5) lib/active_record/connection_adapters/connection_specification.rb:55:in `resolve_hash_connection'
  activerecord (4.0.5) lib/active_record/connection_adapters/connection_specification.rb:46:in `resolve_string_connection'
  activerecord (4.0.5) lib/active_record/connection_adapters/connection_specification.rb:30:in `spec'
  activerecord (4.0.5) lib/active_record/connection_handling.rb:39:in `establish_connection'
  activerecord (4.0.5) lib/active_record/railtie.rb:176:in `block (2 levels) in <class:Railtie>'
  activesupport (4.0.5) lib/active_support/lazy_load_hooks.rb:38:in `instance_eval'
  activesupport (4.0.5) lib/active_support/lazy_load_hooks.rb:38:in `execute_hook'
  activesupport (4.0.5) lib/active_support/lazy_load_hooks.rb:45:in `block in run_load_hooks'
  activesupport (4.0.5) lib/active_support/lazy_load_hooks.rb:44:in `each'
  activesupport (4.0.5) lib/active_support/lazy_load_hooks.rb:44:in `run_load_hooks'
  activerecord (4.0.5) lib/active_record/base.rb:322:in `<module:ActiveRecord>'
  activerecord (4.0.5) lib/active_record/base.rb:22:in `<top (required)>'
  activerecord (4.0.5) lib/active_record/query_cache.rb:50:in `restore_query_cache_settings'
  activerecord (4.0.5) lib/active_record/query_cache.rb:43:in `rescue in call'
  activerecord (4.0.5) lib/active_record/query_cache.rb:32:in `call'
  activerecord (4.0.5) lib/active_record/connection_adapters/abstract/connection_pool.rb:626:in `call'
  activerecord (4.0.5) lib/active_record/migration.rb:373:in `call'
  actionpack (4.0.5) lib/action_dispatch/middleware/callbacks.rb:29:in `block in call'
  activesupport (4.0.5) lib/active_support/callbacks.rb:373:in `_run__499874740511172495__call__callbacks'
  activesupport (4.0.5) lib/active_support/callbacks.rb:80:in `run_callbacks'
  actionpack (4.0.5) lib/action_dispatch/middleware/callbacks.rb:27:in `call'
  actionpack (4.0.5) lib/action_dispatch/middleware/reloader.rb:64:in `call'
  actionpack (4.0.5) lib/action_dispatch/middleware/remote_ip.rb:76:in `call'
  actionpack (4.0.5) lib/action_dispatch/middleware/debug_exceptions.rb:17:in `call'
  actionpack (4.0.5) lib/action_dispatch/middleware/show_exceptions.rb:30:in `call'
  railties (4.0.5) lib/rails/rack/logger.rb:38:in `call_app'
  railties (4.0.5) lib/rails/rack/logger.rb:20:in `block in call'
  activesupport (4.0.5) lib/active_support/tagged_logging.rb:68:in `block in tagged'
  activesupport (4.0.5) lib/active_support/tagged_logging.rb:26:in `tagged'
  activesupport (4.0.5) lib/active_support/tagged_logging.rb:68:in `tagged'
  railties (4.0.5) lib/rails/rack/logger.rb:20:in `call'
  actionpack (4.0.5) lib/action_dispatch/middleware/request_id.rb:21:in `call'
  rack (1.5.2) lib/rack/methodoverride.rb:21:in `call'
  rack (1.5.2) lib/rack/runtime.rb:17:in `call'
  activesupport (4.0.5) lib/active_support/cache/strategy/local_cache.rb:83:in `call'
  rack (1.5.2) lib/rack/lock.rb:17:in `call'
  actionpack (4.0.5) lib/action_dispatch/middleware/static.rb:64:in `call'
  rack (1.5.2) lib/rack/sendfile.rb:112:in `call'
  railties (4.0.5) lib/rails/engine.rb:511:in `call'
  railties (4.0.5) lib/rails/application.rb:97:in `call'
  rack (1.5.2) lib/rack/lock.rb:17:in `call'
  rack (1.5.2) lib/rack/content_length.rb:14:in `call'
  rack (1.5.2) lib/rack/handler/webrick.rb:60:in `service'
  /Users/jacob/.rvm/rubies/ruby-2.0.0-p353/lib/ruby/2.0.0/webrick/httpserver.rb:138:in `service'
  /Users/jacob/.rvm/rubies/ruby-2.0.0-p353/lib/ruby/2.0.0/webrick/httpserver.rb:94:in `run'
  /Users/jacob/.rvm/rubies/ruby-2.0.0-p353/lib/ruby/2.0.0/webrick/server.rb:295:in `block in start_thread'


  Rendered /Users/jacob/.rvm/gems/ruby-2.0.0-p353/gems/actionpack-4.0.5/lib/action_dispatch/middleware/templates/rescues/_source.erb (0.4ms)
  Rendered /Users/jacob/.rvm/gems/ruby-2.0.0-p353/gems/actionpack-4.0.5/lib/action_dispatch/middleware/templates/rescues/_trace.erb (0.8ms)
  Rendered /Users/jacob/.rvm/gems/ruby-2.0.0-p353/gems/actionpack-4.0.5/lib/action_dispatch/middleware/templates/rescues/_request_and_response.erb (0.7ms)
  Rendered /Users/jacob/.rvm/gems/ruby-2.0.0-p353/gems/actionpack-4.0.5/lib/action_dispatch/middleware/templates/rescues/diagnostics.erb within rescues/layout (12.1ms)


Started GET "/posts/new" for 127.0.0.1 at 2014-05-12 21:31:40 -0700

ActiveRecord::AdapterNotSpecified (database configuration does not specify adapter):
  activerecord (4.0.5) lib/active_record/connection_adapters/connection_specification.rb:52:in `resolve_hash_connection'
  activerecord (4.0.5) lib/active_record/connection_adapters/connection_specification.rb:46:in `resolve_string_connection'
  activerecord (4.0.5) lib/active_record/connection_adapters/connection_specification.rb:30:in `spec'
  activerecord (4.0.5) lib/active_record/connection_handling.rb:39:in `establish_connection'
  activerecord (4.0.5) lib/active_record/railtie.rb:176:in `block (2 levels) in <class:Railtie>'
  activesupport (4.0.5) lib/active_support/lazy_load_hooks.rb:38:in `instance_eval'
  activesupport (4.0.5) lib/active_support/lazy_load_hooks.rb:38:in `execute_hook'
  activesupport (4.0.5) lib/active_support/lazy_load_hooks.rb:45:in `block in run_load_hooks'
  activesupport (4.0.5) lib/active_support/lazy_load_hooks.rb:44:in `each'
  activesupport (4.0.5) lib/active_support/lazy_load_hooks.rb:44:in `run_load_hooks'
  activerecord (4.0.5) lib/active_record/base.rb:322:in `<module:ActiveRecord>'
  activerecord (4.0.5) lib/active_record/base.rb:22:in `<top (required)>'
  activerecord (4.0.5) lib/active_record/connection_adapters/abstract/connection_pool.rb:633:in `rescue in call'
  activerecord (4.0.5) lib/active_record/connection_adapters/abstract/connection_pool.rb:624:in `call'
  activerecord (4.0.5) lib/active_record/migration.rb:373:in `call'
  actionpack (4.0.5) lib/action_dispatch/middleware/callbacks.rb:29:in `block in call'
  activesupport (4.0.5) lib/active_support/callbacks.rb:373:in `_run__763568237952937371__call__callbacks'
  activesupport (4.0.5) lib/active_support/callbacks.rb:80:in `run_callbacks'
  actionpack (4.0.5) lib/action_dispatch/middleware/callbacks.rb:27:in `call'
  actionpack (4.0.5) lib/action_dispatch/middleware/reloader.rb:64:in `call'
  actionpack (4.0.5) lib/action_dispatch/middleware/remote_ip.rb:76:in `call'
  actionpack (4.0.5) lib/action_dispatch/middleware/debug_exceptions.rb:17:in `call'
  actionpack (4.0.5) lib/action_dispatch/middleware/show_exceptions.rb:30:in `call'
  railties (4.0.5) lib/rails/rack/logger.rb:38:in `call_app'
  railties (4.0.5) lib/rails/rack/logger.rb:20:in `block in call'
  activesupport (4.0.5) lib/active_support/tagged_logging.rb:68:in `block in tagged'
  activesupport (4.0.5) lib/active_support/tagged_logging.rb:26:in `tagged'
  activesupport (4.0.5) lib/active_support/tagged_logging.rb:68:in `tagged'
  railties (4.0.5) lib/rails/rack/logger.rb:20:in `call'
  actionpack (4.0.5) lib/action_dispatch/middleware/request_id.rb:21:in `call'
  rack (1.5.2) lib/rack/methodoverride.rb:21:in `call'
  rack (1.5.2) lib/rack/runtime.rb:17:in `call'
  activesupport (4.0.5) lib/active_support/cache/strategy/local_cache.rb:83:in `call'
  rack (1.5.2) lib/rack/lock.rb:17:in `call'
  actionpack (4.0.5) lib/action_dispatch/middleware/static.rb:64:in `call'
  rack (1.5.2) lib/rack/sendfile.rb:112:in `call'
  railties (4.0.5) lib/rails/engine.rb:511:in `call'
  railties (4.0.5) lib/rails/application.rb:97:in `call'
  rack (1.5.2) lib/rack/lock.rb:17:in `call'
  rack (1.5.2) lib/rack/content_length.rb:14:in `call'
  rack (1.5.2) lib/rack/handler/webrick.rb:60:in `service'
  /Users/jacob/.rvm/rubies/ruby-2.0.0-p353/lib/ruby/2.0.0/webrick/httpserver.rb:138:in `service'
  /Users/jacob/.rvm/rubies/ruby-2.0.0-p353/lib/ruby/2.0.0/webrick/httpserver.rb:94:in `run'
  /Users/jacob/.rvm/rubies/ruby-2.0.0-p353/lib/ruby/2.0.0/webrick/server.rb:295:in `block in start_thread'


  Rendered /Users/jacob/.rvm/gems/ruby-2.0.0-p353/gems/actionpack-4.0.5/lib/action_dispatch/middleware/templates/rescues/_source.erb (0.5ms)
  Rendered /Users/jacob/.rvm/gems/ruby-2.0.0-p353/gems/actionpack-4.0.5/lib/action_dispatch/middleware/templates/rescues/_trace.erb (0.9ms)
  Rendered /Users/jacob/.rvm/gems/ruby-2.0.0-p353/gems/actionpack-4.0.5/lib/action_dispatch/middleware/templates/rescues/_request_and_response.erb (0.7ms)
  Rendered /Users/jacob/.rvm/gems/ruby-2.0.0-p353/gems/actionpack-4.0.5/lib/action_dispatch/middleware/templates/rescues/diagnostics.erb within rescues/layout (10.5ms)


Started GET "/posts/new" for 127.0.0.1 at 2014-05-12 21:31:49 -0700

Gem::LoadError (Specified 'sqlite3' for database adapter, but the gem is not loaded. Add `gem 'sqlite3'` to your Gemfile.):
  activerecord (4.0.5) lib/active_record/connection_adapters/connection_specification.rb:58:in `rescue in resolve_hash_connection'
  activerecord (4.0.5) lib/active_record/connection_adapters/connection_specification.rb:55:in `resolve_hash_connection'
  activerecord (4.0.5) lib/active_record/connection_adapters/connection_specification.rb:46:in `resolve_string_connection'
  activerecord (4.0.5) lib/active_record/connection_adapters/connection_specification.rb:30:in `spec'
  activerecord (4.0.5) lib/active_record/connection_handling.rb:39:in `establish_connection'
  activerecord (4.0.5) lib/active_record/railtie.rb:176:in `block (2 levels) in <class:Railtie>'
  activesupport (4.0.5) lib/active_support/lazy_load_hooks.rb:38:in `instance_eval'
  activesupport (4.0.5) lib/active_support/lazy_load_hooks.rb:38:in `execute_hook'
  activesupport (4.0.5) lib/active_support/lazy_load_hooks.rb:45:in `block in run_load_hooks'
  activesupport (4.0.5) lib/active_support/lazy_load_hooks.rb:44:in `each'
  activesupport (4.0.5) lib/active_support/lazy_load_hooks.rb:44:in `run_load_hooks'
  activerecord (4.0.5) lib/active_record/base.rb:322:in `<module:ActiveRecord>'
  activerecord (4.0.5) lib/active_record/base.rb:22:in `<top (required)>'
  activerecord (4.0.5) lib/active_record/query_cache.rb:50:in `restore_query_cache_settings'
  activerecord (4.0.5) lib/active_record/query_cache.rb:43:in `rescue in call'
  activerecord (4.0.5) lib/active_record/query_cache.rb:32:in `call'
  activerecord (4.0.5) lib/active_record/connection_adapters/abstract/connection_pool.rb:626:in `call'
  activerecord (4.0.5) lib/active_record/migration.rb:373:in `call'
  actionpack (4.0.5) lib/action_dispatch/middleware/callbacks.rb:29:in `block in call'
  activesupport (4.0.5) lib/active_support/callbacks.rb:373:in `_run__763568237952937371__call__callbacks'
  activesupport (4.0.5) lib/active_support/callbacks.rb:80:in `run_callbacks'
  actionpack (4.0.5) lib/action_dispatch/middleware/callbacks.rb:27:in `call'
  actionpack (4.0.5) lib/action_dispatch/middleware/reloader.rb:64:in `call'
  actionpack (4.0.5) lib/action_dispatch/middleware/remote_ip.rb:76:in `call'
  actionpack (4.0.5) lib/action_dispatch/middleware/debug_exceptions.rb:17:in `call'
  actionpack (4.0.5) lib/action_dispatch/middleware/show_exceptions.rb:30:in `call'
  railties (4.0.5) lib/rails/rack/logger.rb:38:in `call_app'
  railties (4.0.5) lib/rails/rack/logger.rb:20:in `block in call'
  activesupport (4.0.5) lib/active_support/tagged_logging.rb:68:in `block in tagged'
  activesupport (4.0.5) lib/active_support/tagged_logging.rb:26:in `tagged'
  activesupport (4.0.5) lib/active_support/tagged_logging.rb:68:in `tagged'
  railties (4.0.5) lib/rails/rack/logger.rb:20:in `call'
  actionpack (4.0.5) lib/action_dispatch/middleware/request_id.rb:21:in `call'
  rack (1.5.2) lib/rack/methodoverride.rb:21:in `call'
  rack (1.5.2) lib/rack/runtime.rb:17:in `call'
  activesupport (4.0.5) lib/active_support/cache/strategy/local_cache.rb:83:in `call'
  rack (1.5.2) lib/rack/lock.rb:17:in `call'
  actionpack (4.0.5) lib/action_dispatch/middleware/static.rb:64:in `call'
  rack (1.5.2) lib/rack/sendfile.rb:112:in `call'
  railties (4.0.5) lib/rails/engine.rb:511:in `call'
  railties (4.0.5) lib/rails/application.rb:97:in `call'
  rack (1.5.2) lib/rack/lock.rb:17:in `call'
  rack (1.5.2) lib/rack/content_length.rb:14:in `call'
  rack (1.5.2) lib/rack/handler/webrick.rb:60:in `service'
  /Users/jacob/.rvm/rubies/ruby-2.0.0-p353/lib/ruby/2.0.0/webrick/httpserver.rb:138:in `service'
  /Users/jacob/.rvm/rubies/ruby-2.0.0-p353/lib/ruby/2.0.0/webrick/httpserver.rb:94:in `run'
  /Users/jacob/.rvm/rubies/ruby-2.0.0-p353/lib/ruby/2.0.0/webrick/server.rb:295:in `block in start_thread'


  Rendered /Users/jacob/.rvm/gems/ruby-2.0.0-p353/gems/actionpack-4.0.5/lib/action_dispatch/middleware/templates/rescues/_source.erb (0.5ms)
  Rendered /Users/jacob/.rvm/gems/ruby-2.0.0-p353/gems/actionpack-4.0.5/lib/action_dispatch/middleware/templates/rescues/_trace.erb (0.8ms)
  Rendered /Users/jacob/.rvm/gems/ruby-2.0.0-p353/gems/actionpack-4.0.5/lib/action_dispatch/middleware/templates/rescues/_request_and_response.erb (0.7ms)
  Rendered /Users/jacob/.rvm/gems/ruby-2.0.0-p353/gems/actionpack-4.0.5/lib/action_dispatch/middleware/templates/rescues/diagnostics.erb within rescues/layout (10.9ms)
  [1m[36m (2.9ms)[0m  [1mCREATE TABLE "schema_migrations" ("version" varchar(255) NOT NULL) [0m
  [1m[35m (1.1ms)[0m  CREATE UNIQUE INDEX "unique_schema_migrations" ON "schema_migrations" ("version")
  [1m[36mActiveRecord::SchemaMigration Load (0.1ms)[0m  [1mSELECT "schema_migrations".* FROM "schema_migrations"[0m
Migrating to CreateMovies (20140513043637)
  [1m[35m (0.0ms)[0m  begin transaction
  [1m[36m (0.3ms)[0m  [1mCREATE TABLE "movies" ("id" INTEGER PRIMARY KEY AUTOINCREMENT NOT NULL, "title" varchar(255), "description" text, "release_date" date, "rating" integer, "created_at" datetime, "updated_at" datetime) [0m
  [1m[35mSQL (0.1ms)[0m  INSERT INTO "schema_migrations" ("version") VALUES (?)  [["version", "20140513043637"]]
  [1m[36m (0.9ms)[0m  [1mcommit transaction[0m
  [1m[35mActiveRecord::SchemaMigration Load (0.1ms)[0m  SELECT "schema_migrations".* FROM "schema_migrations"


Started GET "/movies" for 127.0.0.1 at 2014-05-12 21:42:48 -0700
  [1m[36mActiveRecord::SchemaMigration Load (0.1ms)[0m  [1mSELECT "schema_migrations".* FROM "schema_migrations"[0m
Processing by MoviesController#index as HTML
  [1m[35mMovie Load (0.1ms)[0m  SELECT "movies".* FROM "movies"
  Rendered movies/index.html.erb within layouts/application (1.7ms)
Completed 200 OK in 46ms (Views: 44.2ms | ActiveRecord: 0.1ms)


Started GET "/assets/application.css?body=1" for 127.0.0.1 at 2014-05-12 21:42:48 -0700


Started GET "/assets/scaffold.css?body=1" for 127.0.0.1 at 2014-05-12 21:42:48 -0700


Started GET "/assets/movies.css?body=1" for 127.0.0.1 at 2014-05-12 21:42:48 -0700


Started GET "/assets/application.js?body=1" for 127.0.0.1 at 2014-05-12 21:42:48 -0700


Started GET "/assets/movies.js?body=1" for 127.0.0.1 at 2014-05-12 21:42:48 -0700


Started GET "/movies/new" for 127.0.0.1 at 2014-05-12 21:42:50 -0700
Processing by MoviesController#new as HTML
  Rendered movies/_form.html.erb (22.9ms)
  Rendered movies/new.html.erb within layouts/application (25.9ms)
Completed 200 OK in 30ms (Views: 29.0ms | ActiveRecord: 0.4ms)


Started GET "/movies/new" for 127.0.0.1 at 2014-05-12 21:43:39 -0700
Processing by MoviesController#new as HTML
  Rendered movies/_form.html.erb (4.5ms)
  Rendered movies/new.html.erb within layouts/application (5.2ms)
Completed 200 OK in 784ms (Views: 783.4ms | ActiveRecord: 0.0ms)


Started GET "/assets/application.css?body=1" for 127.0.0.1 at 2014-05-12 21:43:40 -0700


Started GET "/assets/scaffold.css?body=1" for 127.0.0.1 at 2014-05-12 21:43:40 -0700


Started GET "/assets/magic_word/validator/base_validation_message.js?body=1" for 127.0.0.1 at 2014-05-12 21:43:40 -0700


Started GET "/assets/movies.css?body=1" for 127.0.0.1 at 2014-05-12 21:43:40 -0700


Started GET "/assets/magic_word/validator/lodash.min.js?body=1" for 127.0.0.1 at 2014-05-12 21:43:40 -0700


Started GET "/assets/magic_word/validator/validatable_form.js?body=1" for 127.0.0.1 at 2014-05-12 21:43:40 -0700


Started GET "/assets/magic_word/validator/validatable_input.js?body=1" for 127.0.0.1 at 2014-05-12 21:43:40 -0700


Started GET "/assets/magic_word/validator/validation_message.js?body=1" for 127.0.0.1 at 2014-05-12 21:43:40 -0700


Started GET "/assets/magic_word/validator/index.js?body=1" for 127.0.0.1 at 2014-05-12 21:43:40 -0700


Started GET "/assets/movies.js?body=1" for 127.0.0.1 at 2014-05-12 21:43:40 -0700


Started GET "/assets/application.js?body=1" for 127.0.0.1 at 2014-05-12 21:43:40 -0700


Started GET "/movies/new" for 127.0.0.1 at 2014-05-12 21:43:57 -0700
Processing by MoviesController#new as HTML
  Rendered movies/_form.html.erb (6.1ms)
  Rendered movies/new.html.erb within layouts/application (6.9ms)
Completed 500 Internal Server Error in 22ms

ActionView::Template::Error (couldn't find file 'jquery'
  (in /Users/jacob/workspace/magic_word/spec/dummy/app/assets/javascripts/movies.js:5)):
    3: <head>
    4:   <title>Dummy</title>
    5:   <%= stylesheet_link_tag    "application", media: "all", "data-turbolinks-track" => true %>
    6:   <%= javascript_include_tag "application", "data-turbolinks-track" => true %>
    7:   <%= csrf_meta_tags %>
    8: </head>
    9: <body>
  app/views/layouts/application.html.erb:6:in `_app_views_layouts_application_html_erb__3387644646770702220_70146230383200'


  Rendered /Users/jacob/.rvm/gems/ruby-2.0.0-p353/gems/actionpack-4.0.5/lib/action_dispatch/middleware/templates/rescues/_trace.erb (1.0ms)
  Rendered /Users/jacob/.rvm/gems/ruby-2.0.0-p353/gems/actionpack-4.0.5/lib/action_dispatch/middleware/templates/rescues/_request_and_response.erb (0.7ms)
  Rendered /Users/jacob/.rvm/gems/ruby-2.0.0-p353/gems/actionpack-4.0.5/lib/action_dispatch/middleware/templates/rescues/template_error.erb within rescues/layout (7.7ms)


Started GET "/movies/new" for 127.0.0.1 at 2014-05-12 21:45:04 -0700
  [1m[36mActiveRecord::SchemaMigration Load (0.1ms)[0m  [1mSELECT "schema_migrations".* FROM "schema_migrations"[0m
Processing by MoviesController#new as HTML
  Rendered movies/_form.html.erb (34.5ms)
  Rendered movies/new.html.erb within layouts/application (37.2ms)
Completed 200 OK in 301ms (Views: 298.4ms | ActiveRecord: 0.3ms)


Started GET "/assets/scaffold.css?body=1" for 127.0.0.1 at 2014-05-12 21:45:05 -0700


Started GET "/assets/application.css?body=1" for 127.0.0.1 at 2014-05-12 21:45:05 -0700


Started GET "/assets/magic_word/validator/jquery.min.js?body=1" for 127.0.0.1 at 2014-05-12 21:45:05 -0700


Started GET "/assets/movies.css?body=1" for 127.0.0.1 at 2014-05-12 21:45:05 -0700


Started GET "/assets/magic_word/validator/base_validation_message.js?body=1" for 127.0.0.1 at 2014-05-12 21:45:05 -0700


Started GET "/assets/magic_word/validator/lodash.min.js?body=1" for 127.0.0.1 at 2014-05-12 21:45:05 -0700


Started GET "/assets/magic_word/validator/validatable_form.js?body=1" for 127.0.0.1 at 2014-05-12 21:45:05 -0700


Started GET "/assets/magic_word/validator/validatable_input.js?body=1" for 127.0.0.1 at 2014-05-12 21:45:05 -0700


Started GET "/assets/magic_word/validator/validation_message.js?body=1" for 127.0.0.1 at 2014-05-12 21:45:05 -0700


Started GET "/assets/magic_word/validator/index.js?body=1" for 127.0.0.1 at 2014-05-12 21:45:05 -0700


Started GET "/assets/movies.js?body=1" for 127.0.0.1 at 2014-05-12 21:45:05 -0700


Started GET "/assets/application.js?body=1" for 127.0.0.1 at 2014-05-12 21:45:05 -0700


Started POST "/magic_word/validations" for 127.0.0.1 at 2014-05-12 21:45:10 -0700
Processing by MagicWord::ValidationsController#show as */*
  Parameters: {"model"=>"post", "utf8"=>"✓", "authenticity_token"=>"jlE2M4km1ASUPVD4FxWsjb4kalq6V247GhIxXY5HKoA=", "movie"=>{"title"=>"sdflkj", "description"=>"", "release_date(1i)"=>"2014", "release_date(2i)"=>"5", "release_date(3i)"=>"13", "rating"=>""}}
Completed 500 Internal Server Error in 2ms

NameError (uninitialized constant Post):
  activesupport (4.0.5) lib/active_support/inflector/methods.rb:226:in `const_get'
  activesupport (4.0.5) lib/active_support/inflector/methods.rb:226:in `block in constantize'
  activesupport (4.0.5) lib/active_support/inflector/methods.rb:224:in `each'
  activesupport (4.0.5) lib/active_support/inflector/methods.rb:224:in `inject'
  activesupport (4.0.5) lib/active_support/inflector/methods.rb:224:in `constantize'
  activesupport (4.0.5) lib/active_support/core_ext/string/inflections.rb:66:in `constantize'
  /Users/jacob/workspace/magic_word/app/controllers/magic_word/validations_controller.rb:14:in `require_model'
  activesupport (4.0.5) lib/active_support/callbacks.rb:377:in `_run__148673292027120279__process_action__callbacks'
  activesupport (4.0.5) lib/active_support/callbacks.rb:80:in `run_callbacks'
  actionpack (4.0.5) lib/abstract_controller/callbacks.rb:17:in `process_action'
  actionpack (4.0.5) lib/action_controller/metal/rescue.rb:29:in `process_action'
  actionpack (4.0.5) lib/action_controller/metal/instrumentation.rb:31:in `block in process_action'
  activesupport (4.0.5) lib/active_support/notifications.rb:159:in `block in instrument'
  activesupport (4.0.5) lib/active_support/notifications/instrumenter.rb:20:in `instrument'
  activesupport (4.0.5) lib/active_support/notifications.rb:159:in `instrument'
  actionpack (4.0.5) lib/action_controller/metal/instrumentation.rb:30:in `process_action'
  actionpack (4.0.5) lib/action_controller/metal/params_wrapper.rb:250:in `process_action'
  activerecord (4.0.5) lib/active_record/railties/controller_runtime.rb:18:in `process_action'
  actionpack (4.0.5) lib/abstract_controller/base.rb:136:in `process'
  actionpack (4.0.5) lib/abstract_controller/rendering.rb:44:in `process'
  actionpack (4.0.5) lib/action_controller/metal.rb:195:in `dispatch'
  actionpack (4.0.5) lib/action_controller/metal/rack_delegation.rb:13:in `dispatch'
  actionpack (4.0.5) lib/action_controller/metal.rb:231:in `block in action'
  actionpack (4.0.5) lib/action_dispatch/routing/route_set.rb:80:in `call'
  actionpack (4.0.5) lib/action_dispatch/routing/route_set.rb:80:in `dispatch'
  actionpack (4.0.5) lib/action_dispatch/routing/route_set.rb:48:in `call'
  actionpack (4.0.5) lib/action_dispatch/journey/router.rb:71:in `block in call'
  actionpack (4.0.5) lib/action_dispatch/journey/router.rb:59:in `each'
  actionpack (4.0.5) lib/action_dispatch/journey/router.rb:59:in `call'
  actionpack (4.0.5) lib/action_dispatch/routing/route_set.rb:674:in `call'
  railties (4.0.5) lib/rails/engine.rb:511:in `call'
  railties (4.0.5) lib/rails/railtie/configurable.rb:30:in `method_missing'
  actionpack (4.0.5) lib/action_dispatch/journey/router.rb:71:in `block in call'
  actionpack (4.0.5) lib/action_dispatch/journey/router.rb:59:in `each'
  actionpack (4.0.5) lib/action_dispatch/journey/router.rb:59:in `call'
  actionpack (4.0.5) lib/action_dispatch/routing/route_set.rb:674:in `call'
  rack (1.5.2) lib/rack/etag.rb:23:in `call'
  rack (1.5.2) lib/rack/conditionalget.rb:35:in `call'
  rack (1.5.2) lib/rack/head.rb:11:in `call'
  actionpack (4.0.5) lib/action_dispatch/middleware/params_parser.rb:27:in `call'
  actionpack (4.0.5) lib/action_dispatch/middleware/flash.rb:241:in `call'
  rack (1.5.2) lib/rack/session/abstract/id.rb:225:in `context'
  rack (1.5.2) lib/rack/session/abstract/id.rb:220:in `call'
  actionpack (4.0.5) lib/action_dispatch/middleware/cookies.rb:486:in `call'
  activerecord (4.0.5) lib/active_record/query_cache.rb:36:in `call'
  activerecord (4.0.5) lib/active_record/connection_adapters/abstract/connection_pool.rb:626:in `call'
  activerecord (4.0.5) lib/active_record/migration.rb:373:in `call'
  actionpack (4.0.5) lib/action_dispatch/middleware/callbacks.rb:29:in `block in call'
  activesupport (4.0.5) lib/active_support/callbacks.rb:373:in `_run__62122240201732479__call__callbacks'
  activesupport (4.0.5) lib/active_support/callbacks.rb:80:in `run_callbacks'
  actionpack (4.0.5) lib/action_dispatch/middleware/callbacks.rb:27:in `call'
  actionpack (4.0.5) lib/action_dispatch/middleware/reloader.rb:64:in `call'
  actionpack (4.0.5) lib/action_dispatch/middleware/remote_ip.rb:76:in `call'
  actionpack (4.0.5) lib/action_dispatch/middleware/debug_exceptions.rb:17:in `call'
  actionpack (4.0.5) lib/action_dispatch/middleware/show_exceptions.rb:30:in `call'
  railties (4.0.5) lib/rails/rack/logger.rb:38:in `call_app'
  railties (4.0.5) lib/rails/rack/logger.rb:20:in `block in call'
  activesupport (4.0.5) lib/active_support/tagged_logging.rb:68:in `block in tagged'
  activesupport (4.0.5) lib/active_support/tagged_logging.rb:26:in `tagged'
  activesupport (4.0.5) lib/active_support/tagged_logging.rb:68:in `tagged'
  railties (4.0.5) lib/rails/rack/logger.rb:20:in `call'
  actionpack (4.0.5) lib/action_dispatch/middleware/request_id.rb:21:in `call'
  rack (1.5.2) lib/rack/methodoverride.rb:21:in `call'
  rack (1.5.2) lib/rack/runtime.rb:17:in `call'
  activesupport (4.0.5) lib/active_support/cache/strategy/local_cache.rb:83:in `call'
  rack (1.5.2) lib/rack/lock.rb:17:in `call'
  actionpack (4.0.5) lib/action_dispatch/middleware/static.rb:64:in `call'
  rack (1.5.2) lib/rack/sendfile.rb:112:in `call'
  railties (4.0.5) lib/rails/engine.rb:511:in `call'
  railties (4.0.5) lib/rails/application.rb:97:in `call'
  rack (1.5.2) lib/rack/lock.rb:17:in `call'
  rack (1.5.2) lib/rack/content_length.rb:14:in `call'
  rack (1.5.2) lib/rack/handler/webrick.rb:60:in `service'
  /Users/jacob/.rvm/rubies/ruby-2.0.0-p353/lib/ruby/2.0.0/webrick/httpserver.rb:138:in `service'
  /Users/jacob/.rvm/rubies/ruby-2.0.0-p353/lib/ruby/2.0.0/webrick/httpserver.rb:94:in `run'
  /Users/jacob/.rvm/rubies/ruby-2.0.0-p353/lib/ruby/2.0.0/webrick/server.rb:295:in `block in start_thread'


  Rendered /Users/jacob/.rvm/gems/ruby-2.0.0-p353/gems/actionpack-4.0.5/lib/action_dispatch/middleware/templates/rescues/_source.erb (0.4ms)
  Rendered /Users/jacob/.rvm/gems/ruby-2.0.0-p353/gems/actionpack-4.0.5/lib/action_dispatch/middleware/templates/rescues/_trace.erb (0.8ms)
  Rendered /Users/jacob/.rvm/gems/ruby-2.0.0-p353/gems/actionpack-4.0.5/lib/action_dispatch/middleware/templates/rescues/_request_and_response.erb (1.3ms)
  Rendered /Users/jacob/.rvm/gems/ruby-2.0.0-p353/gems/actionpack-4.0.5/lib/action_dispatch/middleware/templates/rescues/diagnostics.erb within rescues/layout (10.1ms)


Started POST "/magic_word/validations" for 127.0.0.1 at 2014-05-12 21:45:10 -0700
Processing by MagicWord::ValidationsController#show as */*
  Parameters: {"model"=>"post", "utf8"=>"✓", "authenticity_token"=>"jlE2M4km1ASUPVD4FxWsjb4kalq6V247GhIxXY5HKoA=", "movie"=>{"title"=>"sdflkj", "description"=>"", "release_date(1i)"=>"2014", "release_date(2i)"=>"5", "release_date(3i)"=>"13", "rating"=>""}}
Completed 500 Internal Server Error in 2ms

NameError (uninitialized constant Post):
  activesupport (4.0.5) lib/active_support/inflector/methods.rb:226:in `const_get'
  activesupport (4.0.5) lib/active_support/inflector/methods.rb:226:in `block in constantize'
  activesupport (4.0.5) lib/active_support/inflector/methods.rb:224:in `each'
  activesupport (4.0.5) lib/active_support/inflector/methods.rb:224:in `inject'
  activesupport (4.0.5) lib/active_support/inflector/methods.rb:224:in `constantize'
  activesupport (4.0.5) lib/active_support/core_ext/string/inflections.rb:66:in `constantize'
  /Users/jacob/workspace/magic_word/app/controllers/magic_word/validations_controller.rb:14:in `require_model'
  activesupport (4.0.5) lib/active_support/callbacks.rb:377:in `_run__148673292027120279__process_action__callbacks'
  activesupport (4.0.5) lib/active_support/callbacks.rb:80:in `run_callbacks'
  actionpack (4.0.5) lib/abstract_controller/callbacks.rb:17:in `process_action'
  actionpack (4.0.5) lib/action_controller/metal/rescue.rb:29:in `process_action'
  actionpack (4.0.5) lib/action_controller/metal/instrumentation.rb:31:in `block in process_action'
  activesupport (4.0.5) lib/active_support/notifications.rb:159:in `block in instrument'
  activesupport (4.0.5) lib/active_support/notifications/instrumenter.rb:20:in `instrument'
  activesupport (4.0.5) lib/active_support/notifications.rb:159:in `instrument'
  actionpack (4.0.5) lib/action_controller/metal/instrumentation.rb:30:in `process_action'
  actionpack (4.0.5) lib/action_controller/metal/params_wrapper.rb:250:in `process_action'
  activerecord (4.0.5) lib/active_record/railties/controller_runtime.rb:18:in `process_action'
  actionpack (4.0.5) lib/abstract_controller/base.rb:136:in `process'
  actionpack (4.0.5) lib/abstract_controller/rendering.rb:44:in `process'
  actionpack (4.0.5) lib/action_controller/metal.rb:195:in `dispatch'
  actionpack (4.0.5) lib/action_controller/metal/rack_delegation.rb:13:in `dispatch'
  actionpack (4.0.5) lib/action_controller/metal.rb:231:in `block in action'
  actionpack (4.0.5) lib/action_dispatch/routing/route_set.rb:80:in `call'
  actionpack (4.0.5) lib/action_dispatch/routing/route_set.rb:80:in `dispatch'
  actionpack (4.0.5) lib/action_dispatch/routing/route_set.rb:48:in `call'
  actionpack (4.0.5) lib/action_dispatch/journey/router.rb:71:in `block in call'
  actionpack (4.0.5) lib/action_dispatch/journey/router.rb:59:in `each'
  actionpack (4.0.5) lib/action_dispatch/journey/router.rb:59:in `call'
  actionpack (4.0.5) lib/action_dispatch/routing/route_set.rb:674:in `call'
  railties (4.0.5) lib/rails/engine.rb:511:in `call'
  railties (4.0.5) lib/rails/railtie/configurable.rb:30:in `method_missing'
  actionpack (4.0.5) lib/action_dispatch/journey/router.rb:71:in `block in call'
  actionpack (4.0.5) lib/action_dispatch/journey/router.rb:59:in `each'
  actionpack (4.0.5) lib/action_dispatch/journey/router.rb:59:in `call'
  actionpack (4.0.5) lib/action_dispatch/routing/route_set.rb:674:in `call'
  rack (1.5.2) lib/rack/etag.rb:23:in `call'
  rack (1.5.2) lib/rack/conditionalget.rb:35:in `call'
  rack (1.5.2) lib/rack/head.rb:11:in `call'
  actionpack (4.0.5) lib/action_dispatch/middleware/params_parser.rb:27:in `call'
  actionpack (4.0.5) lib/action_dispatch/middleware/flash.rb:241:in `call'
  rack (1.5.2) lib/rack/session/abstract/id.rb:225:in `context'
  rack (1.5.2) lib/rack/session/abstract/id.rb:220:in `call'
  actionpack (4.0.5) lib/action_dispatch/middleware/cookies.rb:486:in `call'
  activerecord (4.0.5) lib/active_record/query_cache.rb:36:in `call'
  activerecord (4.0.5) lib/active_record/connection_adapters/abstract/connection_pool.rb:626:in `call'
  activerecord (4.0.5) lib/active_record/migration.rb:373:in `call'
  actionpack (4.0.5) lib/action_dispatch/middleware/callbacks.rb:29:in `block in call'
  activesupport (4.0.5) lib/active_support/callbacks.rb:373:in `_run__62122240201732479__call__callbacks'
  activesupport (4.0.5) lib/active_support/callbacks.rb:80:in `run_callbacks'
  actionpack (4.0.5) lib/action_dispatch/middleware/callbacks.rb:27:in `call'
  actionpack (4.0.5) lib/action_dispatch/middleware/reloader.rb:64:in `call'
  actionpack (4.0.5) lib/action_dispatch/middleware/remote_ip.rb:76:in `call'
  actionpack (4.0.5) lib/action_dispatch/middleware/debug_exceptions.rb:17:in `call'
  actionpack (4.0.5) lib/action_dispatch/middleware/show_exceptions.rb:30:in `call'
  railties (4.0.5) lib/rails/rack/logger.rb:38:in `call_app'
  railties (4.0.5) lib/rails/rack/logger.rb:20:in `block in call'
  activesupport (4.0.5) lib/active_support/tagged_logging.rb:68:in `block in tagged'
  activesupport (4.0.5) lib/active_support/tagged_logging.rb:26:in `tagged'
  activesupport (4.0.5) lib/active_support/tagged_logging.rb:68:in `tagged'
  railties (4.0.5) lib/rails/rack/logger.rb:20:in `call'
  actionpack (4.0.5) lib/action_dispatch/middleware/request_id.rb:21:in `call'
  rack (1.5.2) lib/rack/methodoverride.rb:21:in `call'
  rack (1.5.2) lib/rack/runtime.rb:17:in `call'
  activesupport (4.0.5) lib/active_support/cache/strategy/local_cache.rb:83:in `call'
  rack (1.5.2) lib/rack/lock.rb:17:in `call'
  actionpack (4.0.5) lib/action_dispatch/middleware/static.rb:64:in `call'
  rack (1.5.2) lib/rack/sendfile.rb:112:in `call'
  railties (4.0.5) lib/rails/engine.rb:511:in `call'
  railties (4.0.5) lib/rails/application.rb:97:in `call'
  rack (1.5.2) lib/rack/lock.rb:17:in `call'
  rack (1.5.2) lib/rack/content_length.rb:14:in `call'
  rack (1.5.2) lib/rack/handler/webrick.rb:60:in `service'
  /Users/jacob/.rvm/rubies/ruby-2.0.0-p353/lib/ruby/2.0.0/webrick/httpserver.rb:138:in `service'
  /Users/jacob/.rvm/rubies/ruby-2.0.0-p353/lib/ruby/2.0.0/webrick/httpserver.rb:94:in `run'
  /Users/jacob/.rvm/rubies/ruby-2.0.0-p353/lib/ruby/2.0.0/webrick/server.rb:295:in `block in start_thread'


  Rendered /Users/jacob/.rvm/gems/ruby-2.0.0-p353/gems/actionpack-4.0.5/lib/action_dispatch/middleware/templates/rescues/_source.erb (0.4ms)
  Rendered /Users/jacob/.rvm/gems/ruby-2.0.0-p353/gems/actionpack-4.0.5/lib/action_dispatch/middleware/templates/rescues/_trace.erb (0.9ms)
  Rendered /Users/jacob/.rvm/gems/ruby-2.0.0-p353/gems/actionpack-4.0.5/lib/action_dispatch/middleware/templates/rescues/_request_and_response.erb (1.3ms)
  Rendered /Users/jacob/.rvm/gems/ruby-2.0.0-p353/gems/actionpack-4.0.5/lib/action_dispatch/middleware/templates/rescues/diagnostics.erb within rescues/layout (10.1ms)


Started GET "/movies/new" for 127.0.0.1 at 2014-05-12 21:45:58 -0700
Processing by MoviesController#new as HTML
  Rendered movies/_form.html.erb (6.4ms)
  Rendered movies/new.html.erb within layouts/application (7.1ms)
Completed 200 OK in 12ms (Views: 11.2ms | ActiveRecord: 0.0ms)


Started GET "/assets/application.css?body=1" for 127.0.0.1 at 2014-05-12 21:45:58 -0700


Started GET "/assets/movies.css?body=1" for 127.0.0.1 at 2014-05-12 21:45:58 -0700


Started GET "/assets/scaffold.css?body=1" for 127.0.0.1 at 2014-05-12 21:45:58 -0700


Started GET "/assets/magic_word/validator/jquery.min.js?body=1" for 127.0.0.1 at 2014-05-12 21:45:58 -0700


Started GET "/assets/magic_word/validator/base_validation_message.js?body=1" for 127.0.0.1 at 2014-05-12 21:45:58 -0700


Started GET "/assets/magic_word/validator/validatable_form.js?body=1" for 127.0.0.1 at 2014-05-12 21:45:58 -0700


Started GET "/assets/magic_word/validator/lodash.min.js?body=1" for 127.0.0.1 at 2014-05-12 21:45:58 -0700


Started GET "/assets/magic_word/validator/validatable_input.js?body=1" for 127.0.0.1 at 2014-05-12 21:45:58 -0700


Started GET "/assets/magic_word/validator/validation_message.js?body=1" for 127.0.0.1 at 2014-05-12 21:45:58 -0700


Started GET "/assets/magic_word/validator/index.js?body=1" for 127.0.0.1 at 2014-05-12 21:45:58 -0700


Started GET "/assets/application.js?body=1" for 127.0.0.1 at 2014-05-12 21:45:58 -0700


Started GET "/assets/movies.js?body=1" for 127.0.0.1 at 2014-05-12 21:45:58 -0700


Started POST "/magic_word/validations" for 127.0.0.1 at 2014-05-12 21:46:01 -0700
Processing by MagicWord::ValidationsController#show as */*
  Parameters: {"model"=>"movie", "utf8"=>"✓", "authenticity_token"=>"jlE2M4km1ASUPVD4FxWsjb4kalq6V247GhIxXY5HKoA=", "movie"=>{"title"=>"asdf", "description"=>"", "release_date(1i)"=>"2014", "release_date(2i)"=>"5", "release_date(3i)"=>"13", "rating"=>""}}
Completed 200 OK in 6ms (Views: 0.4ms | ActiveRecord: 0.0ms)


Started POST "/magic_word/validations" for 127.0.0.1 at 2014-05-12 21:46:02 -0700
Processing by MagicWord::ValidationsController#show as */*
  Parameters: {"model"=>"movie", "utf8"=>"✓", "authenticity_token"=>"jlE2M4km1ASUPVD4FxWsjb4kalq6V247GhIxXY5HKoA=", "movie"=>{"title"=>"asdf", "description"=>"", "release_date(1i)"=>"2014", "release_date(2i)"=>"5", "release_date(3i)"=>"13", "rating"=>""}}
Completed 200 OK in 2ms (Views: 0.2ms | ActiveRecord: 0.0ms)


Started POST "/magic_word/validations" for 127.0.0.1 at 2014-05-12 21:46:05 -0700
Processing by MagicWord::ValidationsController#show as */*
  Parameters: {"model"=>"movie", "utf8"=>"✓", "authenticity_token"=>"jlE2M4km1ASUPVD4FxWsjb4kalq6V247GhIxXY5HKoA=", "movie"=>{"title"=>"asdf", "description"=>"", "release_date(1i)"=>"2014", "release_date(2i)"=>"5", "release_date(3i)"=>"13", "rating"=>""}}
Completed 200 OK in 2ms (Views: 0.2ms | ActiveRecord: 0.0ms)


Started POST "/magic_word/validations" for 127.0.0.1 at 2014-05-12 21:46:06 -0700
Processing by MagicWord::ValidationsController#show as */*
  Parameters: {"model"=>"movie", "utf8"=>"✓", "authenticity_token"=>"jlE2M4km1ASUPVD4FxWsjb4kalq6V247GhIxXY5HKoA=", "movie"=>{"title"=>"", "description"=>"", "release_date(1i)"=>"2014", "release_date(2i)"=>"5", "release_date(3i)"=>"13", "rating"=>""}}
Completed 200 OK in 3ms (Views: 0.2ms | ActiveRecord: 0.0ms)


Started POST "/magic_word/validations" for 127.0.0.1 at 2014-05-12 21:46:06 -0700
Processing by MagicWord::ValidationsController#show as */*
  Parameters: {"model"=>"movie", "utf8"=>"✓", "authenticity_token"=>"jlE2M4km1ASUPVD4FxWsjb4kalq6V247GhIxXY5HKoA=", "movie"=>{"title"=>"", "description"=>"", "release_date(1i)"=>"2014", "release_date(2i)"=>"5", "release_date(3i)"=>"13", "rating"=>""}}
Completed 200 OK in 3ms (Views: 0.2ms | ActiveRecord: 0.0ms)


Started POST "/magic_word/validations" for 127.0.0.1 at 2014-05-12 21:46:09 -0700
Processing by MagicWord::ValidationsController#show as */*
  Parameters: {"model"=>"movie", "utf8"=>"✓", "authenticity_token"=>"jlE2M4km1ASUPVD4FxWsjb4kalq6V247GhIxXY5HKoA=", "movie"=>{"title"=>"", "description"=>"", "release_date(1i)"=>"2014", "release_date(2i)"=>"5", "release_date(3i)"=>"13", "rating"=>"10"}}
Completed 200 OK in 3ms (Views: 0.2ms | ActiveRecord: 0.0ms)


Started POST "/magic_word/validations" for 127.0.0.1 at 2014-05-12 21:46:10 -0700
Processing by MagicWord::ValidationsController#show as */*
  Parameters: {"model"=>"movie", "utf8"=>"✓", "authenticity_token"=>"jlE2M4km1ASUPVD4FxWsjb4kalq6V247GhIxXY5HKoA=", "movie"=>{"title"=>"", "description"=>"", "release_date(1i)"=>"2014", "release_date(2i)"=>"5", "release_date(3i)"=>"13", "rating"=>"10"}}
Completed 200 OK in 3ms (Views: 0.2ms | ActiveRecord: 0.0ms)


Started POST "/magic_word/validations" for 127.0.0.1 at 2014-05-12 21:46:12 -0700
Processing by MagicWord::ValidationsController#show as */*
  Parameters: {"model"=>"movie", "utf8"=>"✓", "authenticity_token"=>"jlE2M4km1ASUPVD4FxWsjb4kalq6V247GhIxXY5HKoA=", "movie"=>{"title"=>"", "description"=>"", "release_date(1i)"=>"2014", "release_date(2i)"=>"5", "release_date(3i)"=>"13", "rating"=>"0"}}
Completed 200 OK in 3ms (Views: 0.2ms | ActiveRecord: 0.0ms)


Started POST "/magic_word/validations" for 127.0.0.1 at 2014-05-12 21:46:57 -0700
Processing by MagicWord::ValidationsController#show as */*
  Parameters: {"model"=>"movie", "utf8"=>"✓", "authenticity_token"=>"jlE2M4km1ASUPVD4FxWsjb4kalq6V247GhIxXY5HKoA=", "movie"=>{"title"=>"", "description"=>"", "release_date(1i)"=>"2014", "release_date(2i)"=>"5", "release_date(3i)"=>"13", "rating"=>"0"}}
Completed 200 OK in 2ms (Views: 0.2ms | ActiveRecord: 0.0ms)


Started POST "/magic_word/validations" for 127.0.0.1 at 2014-05-12 21:46:59 -0700
Processing by MagicWord::ValidationsController#show as */*
  Parameters: {"model"=>"movie", "utf8"=>"✓", "authenticity_token"=>"jlE2M4km1ASUPVD4FxWsjb4kalq6V247GhIxXY5HKoA=", "movie"=>{"title"=>"", "description"=>"", "release_date(1i)"=>"2014", "release_date(2i)"=>"5", "release_date(3i)"=>"13", "rating"=>"0"}}
Completed 200 OK in 3ms (Views: 0.2ms | ActiveRecord: 0.0ms)


Started POST "/magic_word/validations" for 127.0.0.1 at 2014-05-12 21:46:59 -0700
Processing by MagicWord::ValidationsController#show as */*
  Parameters: {"model"=>"movie", "utf8"=>"✓", "authenticity_token"=>"jlE2M4km1ASUPVD4FxWsjb4kalq6V247GhIxXY5HKoA=", "movie"=>{"title"=>"", "description"=>"", "release_date(1i)"=>"2014", "release_date(2i)"=>"5", "release_date(3i)"=>"13", "rating"=>"0"}}
Completed 200 OK in 3ms (Views: 0.2ms | ActiveRecord: 0.0ms)


Started POST "/magic_word/validations" for 127.0.0.1 at 2014-05-12 21:46:59 -0700
Processing by MagicWord::ValidationsController#show as */*
  Parameters: {"model"=>"movie", "utf8"=>"✓", "authenticity_token"=>"jlE2M4km1ASUPVD4FxWsjb4kalq6V247GhIxXY5HKoA=", "movie"=>{"title"=>"", "description"=>"", "release_date(1i)"=>"2014", "release_date(2i)"=>"5", "release_date(3i)"=>"13", "rating"=>"0"}}
Completed 200 OK in 3ms (Views: 0.3ms | ActiveRecord: 0.0ms)


Started POST "/magic_word/validations" for 127.0.0.1 at 2014-05-12 21:46:59 -0700
Processing by MagicWord::ValidationsController#show as */*
  Parameters: {"model"=>"movie", "utf8"=>"✓", "authenticity_token"=>"jlE2M4km1ASUPVD4FxWsjb4kalq6V247GhIxXY5HKoA=", "movie"=>{"title"=>"", "description"=>"", "release_date(1i)"=>"2014", "release_date(2i)"=>"5", "release_date(3i)"=>"13", "rating"=>"0"}}
Completed 200 OK in 3ms (Views: 0.2ms | ActiveRecord: 0.0ms)


Started POST "/magic_word/validations" for 127.0.0.1 at 2014-05-12 21:47:00 -0700
Processing by MagicWord::ValidationsController#show as */*
  Parameters: {"model"=>"movie", "utf8"=>"✓", "authenticity_token"=>"jlE2M4km1ASUPVD4FxWsjb4kalq6V247GhIxXY5HKoA=", "movie"=>{"title"=>"", "description"=>"", "release_date(1i)"=>"2014", "release_date(2i)"=>"5", "release_date(3i)"=>"13", "rating"=>"0"}}
Completed 200 OK in 3ms (Views: 0.2ms | ActiveRecord: 0.0ms)


Started POST "/magic_word/validations" for 127.0.0.1 at 2014-05-12 21:47:00 -0700
Processing by MagicWord::ValidationsController#show as */*
  Parameters: {"model"=>"movie", "utf8"=>"✓", "authenticity_token"=>"jlE2M4km1ASUPVD4FxWsjb4kalq6V247GhIxXY5HKoA=", "movie"=>{"title"=>"", "description"=>"", "release_date(1i)"=>"2014", "release_date(2i)"=>"5", "release_date(3i)"=>"13", "rating"=>"0"}}
Completed 200 OK in 3ms (Views: 0.2ms | ActiveRecord: 0.0ms)


Started GET "/movies/new" for 127.0.0.1 at 2014-05-12 21:47:00 -0700
Processing by MoviesController#new as HTML
  Rendered movies/_form.html.erb (6.6ms)
  Rendered movies/new.html.erb within layouts/application (7.4ms)
Completed 200 OK in 13ms (Views: 12.4ms | ActiveRecord: 0.0ms)


Started GET "/assets/application.css?body=1" for 127.0.0.1 at 2014-05-12 21:47:00 -0700


Started GET "/assets/scaffold.css?body=1" for 127.0.0.1 at 2014-05-12 21:47:01 -0700


Started GET "/assets/magic_word/validator/base_validation_message.js?body=1" for 127.0.0.1 at 2014-05-12 21:47:01 -0700


Started GET "/assets/magic_word/validator/jquery.min.js?body=1" for 127.0.0.1 at 2014-05-12 21:47:01 -0700


Started GET "/assets/movies.css?body=1" for 127.0.0.1 at 2014-05-12 21:47:01 -0700


Started GET "/assets/magic_word/validator/validatable_form.js?body=1" for 127.0.0.1 at 2014-05-12 21:47:01 -0700


Started GET "/assets/magic_word/validator/lodash.min.js?body=1" for 127.0.0.1 at 2014-05-12 21:47:01 -0700


Started GET "/assets/magic_word/validator/validatable_input.js?body=1" for 127.0.0.1 at 2014-05-12 21:47:01 -0700


Started GET "/assets/magic_word/validator/validation_message.js?body=1" for 127.0.0.1 at 2014-05-12 21:47:01 -0700


Started GET "/assets/magic_word/validator/index.js?body=1" for 127.0.0.1 at 2014-05-12 21:47:01 -0700


Started GET "/assets/movies.js?body=1" for 127.0.0.1 at 2014-05-12 21:47:01 -0700


Started GET "/assets/application.js?body=1" for 127.0.0.1 at 2014-05-12 21:47:01 -0700


Started POST "/magic_word/validations" for 127.0.0.1 at 2014-05-12 21:47:02 -0700
Processing by MagicWord::ValidationsController#show as */*
  Parameters: {"model"=>"movie", "utf8"=>"✓", "authenticity_token"=>"jlE2M4km1ASUPVD4FxWsjb4kalq6V247GhIxXY5HKoA=", "movie"=>{"title"=>"", "description"=>"", "release_date(1i)"=>"2014", "release_date(2i)"=>"5", "release_date(3i)"=>"13", "rating"=>""}}
Completed 200 OK in 3ms (Views: 0.2ms | ActiveRecord: 0.0ms)
